::1 - - [21/May/2023:17:13:46 +0200] "GET / HTTP/1.1" 200 203
::1 - - [21/May/2023:17:13:46 +0200] "GET /favicon.ico HTTP/1.1" 404 196
::1 - - [21/May/2023:17:13:47 +0200] "GET /igniter/ HTTP/1.1" 307 -
::1 - - [21/May/2023:17:13:48 +0200] "GET /igniter/index.php/prijava/vpis HTTP/1.1" 200 5266
::1 - - [21/May/2023:17:13:48 +0200] "GET /igniter/assets/css/style.css HTTP/1.1" 200 5150
::1 - - [21/May/2023:17:13:48 +0200] "GET /assets/js/myscripts.js HTTP/1.1" 404 196
::1 - - [21/May/2023:17:13:48 +0200] "GET /igniter/assets/js/jquery-3.5.1.min.js HTTP/1.1" 200 89476
::1 - - [21/May/2023:17:13:48 +0200] "GET /igniter/assets/img/logo_transparen.png HTTP/1.1" 404 196
127.0.0.1 - - [21/May/2023:17:13:56 +0200] "GET /wpad.dat HTTP/1.1" 404 196
127.0.0.1 - - [21/May/2023:17:13:56 +0200] "GET /wpad.dat HTTP/1.1" 404 196
127.0.0.1 - - [21/May/2023:17:14:04 +0200] "GET /wpad.dat HTTP/1.1" 404 196
127.0.0.1 - - [21/May/2023:17:14:04 +0200] "GET /wpad.dat HTTP/1.1" 404 196
::1 - - [21/May/2023:17:14:23 +0200] "GET /igniter/index.php/prijava/vpis HTTP/1.1" 200 5176
::1 - - [21/May/2023:17:14:23 +0200] "GET /assets/js/myscripts.js HTTP/1.1" 404 196
::1 - - [21/May/2023:17:14:26 +0200] "POST /igniter/index.php/prijava/prijava-submit HTTP/1.1" 303 -
::1 - - [21/May/2023:17:14:26 +0200] "GET /igniter/index.php HTTP/1.1" 200 73168
::1 - - [21/May/2023:17:14:26 +0200] "GET /assets/js/myscripts.js HTTP/1.1" 404 196
::1 - - [21/May/2023:17:14:29 +0200] "POST /igniter/index.php/dejavnost/iskanjeDogodkov HTTP/1.1" 200 66165
::1 - - [21/May/2023:17:14:29 +0200] "GET /assets/js/myscripts.js HTTP/1.1" 404 196
::1 - - [21/May/2023:17:14:30 +0200] "POST /igniter/index.php/dejavnost/iskanjeDogodkov HTTP/1.1" 200 9647
::1 - - [21/May/2023:17:14:30 +0200] "GET /assets/js/myscripts.js HTTP/1.1" 404 196
::1 - - [21/May/2023:17:14:32 +0200] "POST /igniter/index.php/dejavnost/iskanjeDogodkov HTTP/1.1" 200 11698
::1 - - [21/May/2023:17:14:32 +0200] "GET /assets/js/myscripts.js HTTP/1.1" 404 196
::1 - - [21/May/2023:17:14:33 +0200] "POST /igniter/index.php/dejavnost/iskanjeDogodkov HTTP/1.1" 200 14499
::1 - - [21/May/2023:17:14:33 +0200] "GET /assets/js/myscripts.js HTTP/1.1" 404 196
::1 - - [21/May/2023:17:14:35 +0200] "GET /igniter/index.php/dejavnost/vseDejavnosti HTTP/1.1" 200 14666
::1 - - [21/May/2023:17:14:36 +0200] "GET /assets/js/myscripts.js HTTP/1.1" 404 196
::1 - - [21/May/2023:17:14:37 +0200] "POST /igniter/index.php/dejavnost/prosnjeDijakov HTTP/1.1" 200 8789
::1 - - [21/May/2023:17:14:37 +0200] "GET /assets/js/myscripts.js HTTP/1.1" 404 196
::1 - - [21/May/2023:17:14:41 +0200] "GET /igniter/index.php/dejavnost/vseDejavnosti HTTP/1.1" 200 14666
::1 - - [21/May/2023:17:14:41 +0200] "GET /assets/js/myscripts.js HTTP/1.1" 404 196
::1 - - [21/May/2023:17:14:42 +0200] "POST /igniter/index.php/dejavnost/izbrisPrijave HTTP/1.1" 200 9751
::1 - - [21/May/2023:17:14:43 +0200] "GET /assets/js/myscripts.js HTTP/1.1" 404 196
::1 - - [21/May/2023:17:14:45 +0200] "GET /igniter/index.php/dejavnost/vseDejavnosti HTTP/1.1" 200 14666
::1 - - [21/May/2023:17:14:45 +0200] "GET /assets/js/myscripts.js HTTP/1.1" 404 196
::1 - - [21/May/2023:17:14:46 +0200] "POST /igniter/index.php/dejavnost/prikaziPrijavljene HTTP/1.1" 200 8810
::1 - - [21/May/2023:17:14:46 +0200] "GET /assets/js/myscripts.js HTTP/1.1" 404 196
::1 - - [21/May/2023:17:14:50 +0200] "GET /igniter/index.php/dejavnost/vseDejavnosti HTTP/1.1" 200 14666
::1 - - [21/May/2023:17:14:50 +0200] "GET /assets/js/myscripts.js HTTP/1.1" 404 196
::1 - - [21/May/2023:17:14:52 +0200] "POST /igniter/index.php/dejavnost/rocnaPrijavaDijaki HTTP/1.1" 200 11321
::1 - - [21/May/2023:17:14:52 +0200] "GET /assets/js/myscripts.js HTTP/1.1" 404 196
::1 - - [21/May/2023:17:14:54 +0200] "GET /igniter/index.php/dejavnost/vseDejavnosti HTTP/1.1" 200 14666
::1 - - [21/May/2023:17:14:54 +0200] "GET /assets/js/myscripts.js HTTP/1.1" 404 196
::1 - - [21/May/2023:17:14:55 +0200] "POST /igniter/index.php/dejavnost/spreminjanjeDejavnosti HTTP/1.1" 200 11266
::1 - - [21/May/2023:17:14:56 +0200] "GET /assets/js/myscripts.js HTTP/1.1" 404 196
::1 - - [21/May/2023:17:14:59 +0200] "GET /igniter/index.php/dejavnost/ustvari HTTP/1.1" 200 16822
::1 - - [21/May/2023:17:14:59 +0200] "GET /assets/js/myscripts.js HTTP/1.1" 404 196
::1 - - [21/May/2023:17:15:01 +0200] "GET /igniter/index.php/dejavnost/vseDejavnosti HTTP/1.1" 200 14666
::1 - - [21/May/2023:17:15:01 +0200] "GET /assets/js/myscripts.js HTTP/1.1" 404 196
::1 - - [21/May/2023:17:15:09 +0200] "GET /igniter/index.php/dejavnost/vseDejavnosti HTTP/1.1" 200 14666
::1 - - [21/May/2023:17:15:09 +0200] "GET /assets/js/myscripts.js HTTP/1.1" 404 196
::1 - - [21/May/2023:17:15:17 +0200] "GET /igniter/index.php/dejavnost/zakljuceneDejavnostiAdmin HTTP/1.1" 200 10697
::1 - - [21/May/2023:17:15:18 +0200] "GET /assets/js/myscripts.js HTTP/1.1" 404 196
::1 - - [21/May/2023:17:15:21 +0200] "POST /igniter/index.php/dejavnost/prikaziPrijavljene HTTP/1.1" 200 8595
::1 - - [21/May/2023:17:15:21 +0200] "GET /assets/js/myscripts.js HTTP/1.1" 404 196
::1 - - [21/May/2023:17:15:24 +0200] "GET /igniter/index.php/dejavnost/ustvari HTTP/1.1" 200 16822
::1 - - [21/May/2023:17:15:24 +0200] "GET /assets/js/myscripts.js HTTP/1.1" 404 196
::1 - - [21/May/2023:17:15:27 +0200] "GET /igniter/index.php/prijava/urejanjeUporabnikov HTTP/1.1" 200 148616
::1 - - [21/May/2023:17:15:27 +0200] "GET /assets/js/myscripts.js HTTP/1.1" 404 196
::1 - - [21/May/2023:17:15:30 +0200] "GET /igniter/index.php/prijava/profil HTTP/1.1" 200 11000
::1 - - [21/May/2023:17:15:30 +0200] "GET /assets/js/myscripts.js HTTP/1.1" 404 196
::1 - - [21/May/2023:17:15:41 +0200] "GET /phpmyadmin HTTP/1.1" 301 236
::1 - - [21/May/2023:17:15:41 +0200] "GET /phpmyadmin/ HTTP/1.1" 200 3572
::1 - - [21/May/2023:17:15:44 +0200] "GET /phpmyadmin/themes/pmahomme/css/theme.css?v=5.0.1&nocache=444848548ltr&server=1 HTTP/1.1" 200 100397
::1 - - [21/May/2023:17:15:44 +0200] "GET /phpmyadmin/themes/pmahomme/img/logo_right.png HTTP/1.1" 200 4306
::1 - - [21/May/2023:17:15:44 +0200] "GET /phpmyadmin/js/messages.php?l=en_GB&v=5.0.1 HTTP/1.1" 200 8834
::1 - - [21/May/2023:17:15:44 +0200] "GET /phpmyadmin/themes/pmahomme/img/s_error.png HTTP/1.1" 200 614
::1 - - [21/May/2023:17:15:45 +0200] "POST /phpmyadmin/index.php HTTP/1.1" 302 20
::1 - - [21/May/2023:17:15:45 +0200] "GET /phpmyadmin/index.php HTTP/1.1" 200 13458
::1 - - [21/May/2023:17:15:46 +0200] "GET /phpmyadmin/themes/pmahomme/css/theme.css?v=5.0.1&nocache=2129530693ltr&server=1 HTTP/1.1" 200 100397
::1 - - [21/May/2023:17:15:46 +0200] "POST /phpmyadmin/ajax.php HTTP/1.1" 200 1420
::1 - - [21/May/2023:17:15:46 +0200] "POST /phpmyadmin/ajax.php HTTP/1.1" 200 1514
::1 - - [21/May/2023:17:15:46 +0200] "POST /phpmyadmin/navigation.php?ajax_request=1 HTTP/1.1" 200 2178
::1 - - [21/May/2023:17:15:46 +0200] "POST /phpmyadmin/ajax.php HTTP/1.1" 200 1412
::1 - - [21/May/2023:17:15:46 +0200] "POST /phpmyadmin/version_check.php HTTP/1.1" 200 28
::1 - - [21/May/2023:17:15:48 +0200] "GET /phpmyadmin/db_structure.php?server=1&db=mydb&ajax_request=true&ajax_page_request=true&_nocache=1684682148213580626&token=53755b2a36304c3a28403d323f6c444f HTTP/1.1" 200 6263
::1 - - [21/May/2023:17:15:48 +0200] "GET /phpmyadmin/navigation.php?ajax_request=1&aPath=cm9vdA%3D%3D.bXlkYg%3D%3D&vPath=cm9vdA%3D%3D.bXlkYg%3D%3D&pos=0&pos2_name=&pos2_value=&searchClause=&searchClause2=&_nocache=1684682148833544384&token=53755b2a36304c3a28403d323f6c444f HTTP/1.1" 200 1882
::1 - - [21/May/2023:17:15:49 +0200] "GET /phpmyadmin/navigation.php?ajax_request=1&aPath=cm9vdA%3D%3D.bXlkYg%3D%3D.dGFibGVz&vPath=cm9vdA%3D%3D.bXlkYg%3D%3D.VGFibGVz&pos=0&pos2_name=tables&pos2_value=0&searchClause=&searchClause2=&_nocache=1684682149043237628&token=53755b2a36304c3a28403d323f6c444f HTTP/1.1" 200 2055
::1 - - [21/May/2023:17:15:51 +0200] "GET /phpmyadmin/sql.php?server=1&db=mydb&table=dejavnost&pos=0&ajax_request=true&ajax_page_request=true&_nocache=1684682151056843099&token=53755b2a36304c3a28403d323f6c444f HTTP/1.1" 200 8979
::1 - - [21/May/2023:17:15:51 +0200] "GET /phpmyadmin/themes/pmahomme/img/s_tbl.png HTTP/1.1" 200 645
::1 - - [21/May/2023:17:15:51 +0200] "GET /phpmyadmin/themes/pmahomme/img/b_tblexport.png HTTP/1.1" 200 514
::1 - - [21/May/2023:17:15:51 +0200] "GET /phpmyadmin/themes/pmahomme/img/b_tblimport.png HTTP/1.1" 200 556
::1 - - [21/May/2023:17:15:51 +0200] "GET /phpmyadmin/themes/pmahomme/img/b_edit.png HTTP/1.1" 200 377
::1 - - [21/May/2023:17:15:51 +0200] "GET /phpmyadmin/themes/pmahomme/img/s_success.png HTTP/1.1" 200 465
::1 - - [21/May/2023:17:15:51 +0200] "GET /phpmyadmin/themes/pmahomme/img/b_chart.png HTTP/1.1" 200 449
::1 - - [21/May/2023:17:15:51 +0200] "GET /phpmyadmin/themes/pmahomme/img/b_view_add.png HTTP/1.1" 200 678
::1 - - [21/May/2023:17:15:51 +0200] "GET /phpmyadmin/js/multi_column_sort.js?v=5.0.1 HTTP/1.1" 200 3331
::1 - - [21/May/2023:17:15:51 +0200] "GET /phpmyadmin/js/gis_data_editor.js?v=5.0.1 HTTP/1.1" 200 15021
::1 - - [21/May/2023:17:15:51 +0200] "GET /phpmyadmin/js/sql.js?v=5.0.1 HTTP/1.1" 200 42174
::1 - - [21/May/2023:17:15:51 +0200] "GET /phpmyadmin/js/vendor/jquery/jquery.uitablefilter.js?v=5.0.1 HTTP/1.1" 200 3479
::1 - - [21/May/2023:17:15:51 +0200] "GET /phpmyadmin/themes/pmahomme/img/s_fulltext.png HTTP/1.1" 200 176
::1 - - [21/May/2023:17:15:51 +0200] "GET /phpmyadmin/js/makegrid.js?v=5.0.1 HTTP/1.1" 200 98272
::1 - - [21/May/2023:17:15:51 +0200] "GET /phpmyadmin/themes/pmahomme/img/col_drop.png HTTP/1.1" 200 111
::1 - - [21/May/2023:17:15:51 +0200] "GET /phpmyadmin/themes/pmahomme/img/col_pointer.png HTTP/1.1" 200 102
::1 - - [21/May/2023:17:15:51 +0200] "GET /phpmyadmin/index.php?ajax_request=1&recent_table=1&no_debug=true&_nocache=1684682151841178190&token=53755b2a36304c3a28403d323f6c444f HTTP/1.1" 200 1470
::1 - - [21/May/2023:17:15:58 +0200] "GET /phpmyadmin/sql.php?server=1&db=mydb&table=letnik&pos=0&ajax_request=true&ajax_page_request=true&_nocache=1684682158779273389&token=53755b2a36304c3a28403d323f6c444f HTTP/1.1" 200 9774
::1 - - [21/May/2023:17:15:59 +0200] "GET /phpmyadmin/index.php?ajax_request=1&recent_table=1&no_debug=true&_nocache=1684682159022719967&token=53755b2a36304c3a28403d323f6c444f HTTP/1.1" 200 1481
::1 - - [21/May/2023:17:16:01 +0200] "GET /phpmyadmin/sql.php?server=1&db=mydb&table=oddelek&pos=0&ajax_request=true&ajax_page_request=true&_nocache=1684682161583964071&token=53755b2a36304c3a28403d323f6c444f HTTP/1.1" 200 10586
::1 - - [21/May/2023:17:16:01 +0200] "GET /phpmyadmin/index.php?ajax_request=1&recent_table=1&no_debug=true&_nocache=1684682161838305667&token=53755b2a36304c3a28403d323f6c444f HTTP/1.1" 200 1492
::1 - - [21/May/2023:17:16:02 +0200] "GET /phpmyadmin/sql.php?server=1&db=mydb&table=oseba&pos=0&ajax_request=true&ajax_page_request=true&_nocache=1684682162846531600&token=53755b2a36304c3a28403d323f6c444f HTTP/1.1" 200 11874
::1 - - [21/May/2023:17:16:03 +0200] "GET /phpmyadmin/index.php?ajax_request=1&recent_table=1&no_debug=true&_nocache=1684682163093705477&token=53755b2a36304c3a28403d323f6c444f HTTP/1.1" 200 1501
::1 - - [21/May/2023:17:16:23 +0200] "POST /phpmyadmin/tbl_change.php HTTP/1.1" 200 8317
::1 - - [21/May/2023:17:16:24 +0200] "GET /phpmyadmin/themes/pmahomme/img/b_calendar.png HTTP/1.1" 200 595
::1 - - [21/May/2023:17:16:24 +0200] "GET /phpmyadmin/js/vendor/jquery/additional-methods.js?v=5.0.1 HTTP/1.1" 200 52032
::1 - - [21/May/2023:17:16:24 +0200] "GET /phpmyadmin/index.php?ajax_request=1&recent_table=1&no_debug=true&_nocache=1684682184091558424&token=53755b2a36304c3a28403d323f6c444f HTTP/1.1" 200 1501
::1 - - [21/May/2023:17:16:36 +0200] "GET /phpmyadmin/themes/pmahomme/img/s_lock.png HTTP/1.1" 200 667
::1 - - [21/May/2023:17:16:37 +0200] "POST /phpmyadmin/tbl_replace.php HTTP/1.1" 200 12136
::1 - - [21/May/2023:17:16:37 +0200] "GET /phpmyadmin/index.php?ajax_request=1&recent_table=1&no_debug=true&_nocache=168468219778698624&token=53755b2a36304c3a28403d323f6c444f HTTP/1.1" 200 1501
::1 - - [21/May/2023:17:16:43 +0200] "GET /igniter/index.php/prijava/profil HTTP/1.1" 200 11000
::1 - - [21/May/2023:17:16:43 +0200] "GET /assets/js/myscripts.js HTTP/1.1" 404 196
::1 - - [21/May/2023:17:16:47 +0200] "GET /igniter/index.php/prijava/izpis HTTP/1.1" 200 5176
::1 - - [21/May/2023:17:16:47 +0200] "GET /assets/js/myscripts.js HTTP/1.1" 404 196
::1 - - [21/May/2023:17:16:51 +0200] "POST /igniter/index.php/prijava/prijava-submit HTTP/1.1" 200 5301
::1 - - [21/May/2023:17:16:51 +0200] "GET /assets/js/myscripts.js HTTP/1.1" 404 196
::1 - - [21/May/2023:17:16:55 +0200] "GET /phpmyadmin/sql.php?db=mydb&table=oseba&sql_query=SELECT+%2A+FROM+%60oseba%60++%0AORDER+BY+%60oseba%60.%60vloga%60+ASC&sql_signature=78ebc43acbe3776d7db03dca06453507ba72a464480da90a629f143bb621da43&session_max_rows=25&is_browse_distinct=0&ajax_request=true&ajax_page_request=true&_nocache=1684682215038376638&token=53755b2a36304c3a28403d323f6c444f HTTP/1.1" 200 12614
::1 - - [21/May/2023:17:16:55 +0200] "GET /phpmyadmin/index.php?ajax_request=1&recent_table=1&no_debug=true&_nocache=1684682215328995721&token=53755b2a36304c3a28403d323f6c444f HTTP/1.1" 200 1501
::1 - - [21/May/2023:17:17:08 +0200] "POST /igniter/index.php/prijava/prijava-submit HTTP/1.1" 200 5301
::1 - - [21/May/2023:17:17:08 +0200] "GET /assets/js/myscripts.js HTTP/1.1" 404 196
::1 - - [21/May/2023:17:17:22 +0200] "POST /igniter/index.php/prijava/prijava-submit HTTP/1.1" 200 5301
::1 - - [21/May/2023:17:17:22 +0200] "GET /assets/js/myscripts.js HTTP/1.1" 404 196
::1 - - [21/May/2023:17:17:28 +0200] "POST /igniter/index.php/prijava/prijava-submit HTTP/1.1" 200 5301
::1 - - [21/May/2023:17:17:28 +0200] "GET /assets/js/myscripts.js HTTP/1.1" 404 196
::1 - - [21/May/2023:17:17:36 +0200] "GET /phpmyadmin/sql.php?server=1&db=mydb&table=oseba_has_dejavnost&pos=0&ajax_request=true&ajax_page_request=true&_nocache=1684682256810744967&token=53755b2a36304c3a28403d323f6c444f HTTP/1.1" 200 11987
::1 - - [21/May/2023:17:17:37 +0200] "GET /phpmyadmin/index.php?ajax_request=1&recent_table=1&no_debug=true&_nocache=1684682257082768606&token=53755b2a36304c3a28403d323f6c444f HTTP/1.1" 200 1510
::1 - - [21/May/2023:17:17:44 +0200] "GET /phpmyadmin/sql.php?server=1&db=mydb&table=oseba&pos=0&ajax_request=true&ajax_page_request=true&_nocache=168468226458478997&token=53755b2a36304c3a28403d323f6c444f HTTP/1.1" 200 12436
::1 - - [21/May/2023:17:17:44 +0200] "GET /phpmyadmin/index.php?ajax_request=1&recent_table=1&no_debug=true&_nocache=1684682264851141718&token=53755b2a36304c3a28403d323f6c444f HTTP/1.1" 200 1511
::1 - - [21/May/2023:17:17:54 +0200] "POST /igniter/index.php/prijava/prijava-submit HTTP/1.1" 200 5301
::1 - - [21/May/2023:17:17:54 +0200] "GET /assets/js/myscripts.js HTTP/1.1" 404 196
::1 - - [21/May/2023:17:17:58 +0200] "POST /igniter/index.php/prijava/prijava-submit HTTP/1.1" 200 5301
::1 - - [21/May/2023:17:17:58 +0200] "GET /assets/js/myscripts.js HTTP/1.1" 404 196
::1 - - [21/May/2023:17:18:03 +0200] "POST /igniter/index.php/prijava/prijava-submit HTTP/1.1" 200 5301
::1 - - [21/May/2023:17:18:03 +0200] "GET /assets/js/myscripts.js HTTP/1.1" 404 196
::1 - - [21/May/2023:17:18:08 +0200] "POST /igniter/index.php/prijava/prijava-submit HTTP/1.1" 200 5301
::1 - - [21/May/2023:17:18:08 +0200] "GET /assets/js/myscripts.js HTTP/1.1" 404 196
::1 - - [21/May/2023:17:18:19 +0200] "POST /igniter/index.php/prijava/prijava-submit HTTP/1.1" 200 5301
::1 - - [21/May/2023:17:18:19 +0200] "GET /assets/js/myscripts.js HTTP/1.1" 404 196
::1 - - [21/May/2023:17:18:24 +0200] "POST /igniter/index.php/prijava/prijava-submit HTTP/1.1" 303 -
::1 - - [21/May/2023:17:18:24 +0200] "GET /igniter/index.php HTTP/1.1" 200 10236
::1 - - [21/May/2023:17:18:24 +0200] "GET /assets/js/myscripts.js HTTP/1.1" 404 196
::1 - - [21/May/2023:17:18:28 +0200] "GET /igniter/index.php/dejavnost/mojeDejavnostiDijak HTTP/1.1" 200 8533
::1 - - [21/May/2023:17:18:28 +0200] "GET /assets/js/myscripts.js HTTP/1.1" 404 196
::1 - - [21/May/2023:17:18:30 +0200] "GET /igniter/index.php HTTP/1.1" 200 10236
::1 - - [21/May/2023:17:18:31 +0200] "GET /assets/js/myscripts.js HTTP/1.1" 404 196
127.0.0.1 - - [21/May/2023:17:18:31 +0200] "GET /wpad.dat HTTP/1.1" 404 196
::1 - - [21/May/2023:17:18:33 +0200] "GET /igniter/index.php/dejavnost/zakljuceneDejavnostiDijak HTTP/1.1" 200 8033
::1 - - [21/May/2023:17:18:33 +0200] "GET /assets/js/myscripts.js HTTP/1.1" 404 196
::1 - - [21/May/2023:17:18:38 +0200] "GET /igniter/index.php/dejavnost/prijavaNaDejavnost HTTP/1.1" 200 8193
::1 - - [21/May/2023:17:18:38 +0200] "GET /assets/js/myscripts.js HTTP/1.1" 404 196
::1 - - [21/May/2023:17:18:43 +0200] "POST /igniter/index.php/dejavnost/prijavaNaDejavnost-submit HTTP/1.1" 303 -
::1 - - [21/May/2023:17:18:43 +0200] "GET /igniter/index.php/dejavnost/prijavaNaDejavnost HTTP/1.1" 200 7587
::1 - - [21/May/2023:17:18:43 +0200] "GET /assets/js/myscripts.js HTTP/1.1" 404 196
::1 - - [21/May/2023:17:18:45 +0200] "GET /igniter/index.php HTTP/1.1" 200 11656
::1 - - [21/May/2023:17:18:45 +0200] "GET /assets/js/myscripts.js HTTP/1.1" 404 196
::1 - - [21/May/2023:17:18:48 +0200] "GET /igniter/index.php/dejavnost/zakljuceneDejavnostiDijak HTTP/1.1" 200 8033
::1 - - [21/May/2023:17:18:48 +0200] "GET /assets/js/myscripts.js HTTP/1.1" 404 196
::1 - - [21/May/2023:17:18:49 +0200] "GET /igniter/index.php/dejavnost/mojeDejavnostiDijak HTTP/1.1" 200 8533
::1 - - [21/May/2023:17:18:49 +0200] "GET /assets/js/myscripts.js HTTP/1.1" 404 196
::1 - - [21/May/2023:17:18:51 +0200] "GET /igniter/index.php HTTP/1.1" 200 11656
::1 - - [21/May/2023:17:18:51 +0200] "GET /assets/js/myscripts.js HTTP/1.1" 404 196
::1 - - [21/May/2023:17:18:52 +0200] "GET /igniter/index.php/dejavnost/prijavaNaDejavnost HTTP/1.1" 200 7460
::1 - - [21/May/2023:17:18:52 +0200] "GET /assets/js/myscripts.js HTTP/1.1" 404 196
::1 - - [21/May/2023:17:18:54 +0200] "GET /igniter/index.php/prijava/izpis HTTP/1.1" 200 5176
::1 - - [21/May/2023:17:18:54 +0200] "GET /assets/js/myscripts.js HTTP/1.1" 404 196
::1 - - [21/May/2023:17:18:58 +0200] "GET /phpmyadmin/themes/pmahomme/img/s_desc.png HTTP/1.1" 200 146
127.0.0.1 - - [21/May/2023:17:18:59 +0200] "GET /wpad.dat HTTP/1.1" 404 196
::1 - - [21/May/2023:17:19:00 +0200] "GET /phpmyadmin/sql.php?db=mydb&table=oseba&sql_query=SELECT+%2A+FROM+%60oseba%60++%0AORDER+BY+%60oseba%60.%60vloga%60++DESC&sql_signature=0af34aef026825c858d1951cd6b793c17c0338443675ae57d2b4d2f20392433a&session_max_rows=25&is_browse_distinct=0&ajax_request=true&ajax_page_request=true&_nocache=1684682340800293775&token=53755b2a36304c3a28403d323f6c444f HTTP/1.1" 200 12230
::1 - - [21/May/2023:17:19:01 +0200] "GET /phpmyadmin/index.php?ajax_request=1&recent_table=1&no_debug=true&_nocache=1684682341093736135&token=53755b2a36304c3a28403d323f6c444f HTTP/1.1" 200 1511
::1 - - [21/May/2023:17:19:58 +0200] "GET /phpmyadmin/sql.php?server=1&db=mydb&table=oseba_has_dejavnost&pos=0&ajax_request=true&ajax_page_request=true&_nocache=1684682398566572050&token=53755b2a36304c3a28403d323f6c444f HTTP/1.1" 200 11937
::1 - - [21/May/2023:17:19:58 +0200] "GET /phpmyadmin/index.php?ajax_request=1&recent_table=1&no_debug=true&_nocache=1684682398814600986&token=53755b2a36304c3a28403d323f6c444f HTTP/1.1" 200 1510
::1 - - [21/May/2023:17:20:23 +0200] "GET /phpmyadmin/sql.php?server=1&db=mydb&table=oseba&pos=0&ajax_request=true&ajax_page_request=true&_nocache=168468242336632857&token=53755b2a36304c3a28403d323f6c444f HTTP/1.1" 200 12058
::1 - - [21/May/2023:17:20:23 +0200] "GET /phpmyadmin/index.php?ajax_request=1&recent_table=1&no_debug=true&_nocache=1684682423611431362&token=53755b2a36304c3a28403d323f6c444f HTTP/1.1" 200 1511
::1 - - [21/May/2023:17:20:25 +0200] "GET /phpmyadmin/sql.php?db=mydb&table=oseba&sql_query=SELECT+%2A+FROM+%60oseba%60++%0AORDER+BY+%60oseba%60.%60idOseba%60+ASC&sql_signature=6952e2184ee8bcbf7527fd030b2691daeef9475f216d90c7f0d09178ca1dce6f&session_max_rows=25&is_browse_distinct=0&ajax_request=true&ajax_page_request=true&_nocache=1684682425783344666&token=53755b2a36304c3a28403d323f6c444f HTTP/1.1" 200 12583
::1 - - [21/May/2023:17:20:26 +0200] "GET /phpmyadmin/index.php?ajax_request=1&recent_table=1&no_debug=true&_nocache=1684682426018610953&token=53755b2a36304c3a28403d323f6c444f HTTP/1.1" 200 1511
::1 - - [21/May/2023:17:20:27 +0200] "GET /phpmyadmin/sql.php?db=mydb&table=oseba&sql_query=SELECT+%2A+FROM+%60oseba%60++%0AORDER+BY+%60oseba%60.%60idOseba%60++DESC&sql_signature=6427565c0154d01a5ff155352c47f54145a6e5366d8855173d97108815e5977e&session_max_rows=25&is_browse_distinct=0&ajax_request=true&ajax_page_request=true&_nocache=168468242768557852&token=53755b2a36304c3a28403d323f6c444f HTTP/1.1" 200 12330
::1 - - [21/May/2023:17:20:27 +0200] "GET /phpmyadmin/index.php?ajax_request=1&recent_table=1&no_debug=true&_nocache=1684682427932986436&token=53755b2a36304c3a28403d323f6c444f HTTP/1.1" 200 1511
::1 - - [21/May/2023:17:20:38 +0200] "POST /phpmyadmin/sql.php HTTP/1.1" 200 24417
::1 - - [21/May/2023:17:20:39 +0200] "GET /phpmyadmin/index.php?ajax_request=1&recent_table=1&no_debug=true&_nocache=1684682439069142469&token=53755b2a36304c3a28403d323f6c444f HTTP/1.1" 200 1511
::1 - - [21/May/2023:17:20:50 +0200] "POST /igniter/index.php/prijava/prijava-submit HTTP/1.1" 303 -
::1 - - [21/May/2023:17:20:50 +0200] "GET /igniter/index.php HTTP/1.1" 200 9130
::1 - - [21/May/2023:17:20:50 +0200] "GET /assets/js/myscripts.js HTTP/1.1" 404 196
::1 - - [21/May/2023:17:20:53 +0200] "GET /igniter/index.php/dejavnost/mojeDejavnosti HTTP/1.1" 200 8251
::1 - - [21/May/2023:17:20:53 +0200] "GET /assets/js/myscripts.js HTTP/1.1" 404 196
::1 - - [21/May/2023:17:20:54 +0200] "GET /igniter/index.php/dejavnost/zakljuceneDejavnostiProfesor HTTP/1.1" 200 8323
::1 - - [21/May/2023:17:20:55 +0200] "GET /assets/js/myscripts.js HTTP/1.1" 404 196
::1 - - [21/May/2023:17:20:56 +0200] "GET /igniter/index.php/dejavnost/ustvari HTTP/1.1" 200 16163
::1 - - [21/May/2023:17:20:56 +0200] "GET /assets/js/myscripts.js HTTP/1.1" 404 196
::1 - - [21/May/2023:17:20:58 +0200] "GET /igniter/index.php HTTP/1.1" 200 9130
::1 - - [21/May/2023:17:20:58 +0200] "GET /assets/js/myscripts.js HTTP/1.1" 404 196
::1 - - [21/May/2023:17:21:11 +0200] "GET /igniter/index.php/prijava/izpis HTTP/1.1" 200 5176
::1 - - [21/May/2023:17:21:11 +0200] "GET /assets/js/myscripts.js HTTP/1.1" 404 196
::1 - - [21/May/2023:17:21:16 +0200] "POST /igniter/index.php/prijava/prijava-submit HTTP/1.1" 303 -
::1 - - [21/May/2023:17:21:16 +0200] "GET /igniter/index.php HTTP/1.1" 200 60149
::1 - - [21/May/2023:17:21:16 +0200] "GET /assets/js/myscripts.js HTTP/1.1" 404 196
::1 - - [21/May/2023:17:21:20 +0200] "GET /igniter/index.php/dejavnost/mojeDejavnosti HTTP/1.1" 200 12262
::1 - - [21/May/2023:17:21:20 +0200] "GET /assets/js/myscripts.js HTTP/1.1" 404 196
::1 - - [21/May/2023:17:21:23 +0200] "GET /igniter/index.php/dejavnost/zakljuceneDejavnostiProfesor HTTP/1.1" 200 9038
::1 - - [21/May/2023:17:21:23 +0200] "GET /assets/js/myscripts.js HTTP/1.1" 404 196
::1 - - [21/May/2023:17:21:26 +0200] "GET /igniter/index.php/dejavnost/ustvari HTTP/1.1" 200 16161
::1 - - [21/May/2023:17:21:26 +0200] "GET /assets/js/myscripts.js HTTP/1.1" 404 196
::1 - - [21/May/2023:17:21:43 +0200] "GET /phpmyadmin/sql.php?server=1&db=mydb&table=oseba_has_dejavnost&pos=0&ajax_request=true&ajax_page_request=true&_nocache=1684682502999900767&token=53755b2a36304c3a28403d323f6c444f HTTP/1.1" 200 11937
::1 - - [21/May/2023:17:21:43 +0200] "GET /phpmyadmin/index.php?ajax_request=1&recent_table=1&no_debug=true&_nocache=1684682503299838593&token=53755b2a36304c3a28403d323f6c444f HTTP/1.1" 200 1510
::1 - - [21/May/2023:17:21:45 +0200] "GET /phpmyadmin/sql.php?server=1&db=mydb&table=prisotnost&pos=0&ajax_request=true&ajax_page_request=true&_nocache=1684682505120590782&token=53755b2a36304c3a28403d323f6c444f HTTP/1.1" 200 11202
::1 - - [21/May/2023:17:21:45 +0200] "GET /phpmyadmin/index.php?ajax_request=1&recent_table=1&no_debug=true&_nocache=1684682505342506131&token=53755b2a36304c3a28403d323f6c444f HTTP/1.1" 200 1519
::1 - - [21/May/2023:17:21:53 +0200] "POST /phpmyadmin/sql.php HTTP/1.1" 200 41127
::1 - - [21/May/2023:17:21:54 +0200] "GET /phpmyadmin/index.php?ajax_request=1&recent_table=1&no_debug=true&_nocache=1684682514513492140&token=53755b2a36304c3a28403d323f6c444f HTTP/1.1" 200 1519
::1 - - [21/May/2023:17:22:39 +0200] "GET /phpmyadmin/tbl_sql.php?db=mydb&table=prisotnost&ajax_request=true&ajax_page_request=true&_nocache=1684682559407917502&token=53755b2a36304c3a28403d323f6c444f HTTP/1.1" 200 4528
::1 - - [21/May/2023:17:22:39 +0200] "GET /phpmyadmin/index.php?ajax_request=1&recent_table=1&no_debug=true&_nocache=1684682559768646327&token=53755b2a36304c3a28403d323f6c444f HTTP/1.1" 200 1519
::1 - - [21/May/2023:17:22:39 +0200] "POST /phpmyadmin/lint.php HTTP/1.1" 200 28
::1 - - [21/May/2023:17:22:41 +0200] "POST /phpmyadmin/db_sql_autocomplete.php HTTP/1.1" 200 2282
::1 - - [21/May/2023:17:22:43 +0200] "POST /phpmyadmin/lint.php HTTP/1.1" 200 28
::1 - - [21/May/2023:17:22:45 +0200] "POST /phpmyadmin/lint.php HTTP/1.1" 200 28
::1 - - [21/May/2023:17:22:46 +0200] "POST /phpmyadmin/lint.php HTTP/1.1" 200 28
::1 - - [21/May/2023:17:22:47 +0200] "POST /phpmyadmin/lint.php HTTP/1.1" 200 28
::1 - - [21/May/2023:17:22:49 +0200] "POST /phpmyadmin/lint.php HTTP/1.1" 200 28
::1 - - [21/May/2023:17:22:52 +0200] "POST /phpmyadmin/lint.php HTTP/1.1" 200 28
::1 - - [21/May/2023:17:22:54 +0200] "POST /phpmyadmin/lint.php HTTP/1.1" 200 28
::1 - - [21/May/2023:17:22:56 +0200] "POST /phpmyadmin/lint.php HTTP/1.1" 200 28
::1 - - [21/May/2023:17:22:58 +0200] "POST /phpmyadmin/lint.php HTTP/1.1" 200 28
::1 - - [21/May/2023:17:22:59 +0200] "POST /phpmyadmin/lint.php HTTP/1.1" 200 141
::1 - - [21/May/2023:17:23:02 +0200] "POST /phpmyadmin/lint.php HTTP/1.1" 200 28
::1 - - [21/May/2023:17:23:04 +0200] "POST /phpmyadmin/lint.php HTTP/1.1" 200 28
::1 - - [21/May/2023:17:23:05 +0200] "POST /phpmyadmin/lint.php HTTP/1.1" 200 28
::1 - - [21/May/2023:17:23:07 +0200] "POST /phpmyadmin/lint.php HTTP/1.1" 200 28
::1 - - [21/May/2023:17:23:08 +0200] "POST /phpmyadmin/lint.php HTTP/1.1" 200 28
::1 - - [21/May/2023:17:23:11 +0200] "GET /phpmyadmin/sql.php?server=1&db=mydb&table=prisotnost&pos=0 HTTP/1.1" 200 45332
::1 - - [21/May/2023:17:23:11 +0200] "GET /phpmyadmin/themes/pmahomme/css/theme.css?v=5.0.1&nocache=2129530695ltr&server=1 HTTP/1.1" 200 100397
::1 - - [21/May/2023:17:23:11 +0200] "POST /phpmyadmin/ajax.php HTTP/1.1" 200 1423
::1 - - [21/May/2023:17:23:11 +0200] "POST /phpmyadmin/navigation.php?ajax_request=1 HTTP/1.1" 200 2268
::1 - - [21/May/2023:17:23:11 +0200] "POST /phpmyadmin/ajax.php HTTP/1.1" 200 1520
::1 - - [21/May/2023:17:23:12 +0200] "POST /phpmyadmin/ajax.php HTTP/1.1" 200 1414
::1 - - [21/May/2023:17:23:12 +0200] "GET /phpmyadmin/index.php?ajax_request=1&recent_table=1&no_debug=true&_nocache=168468259214612396&token=53755b2a36304c3a28403d323f6c444f HTTP/1.1" 200 1519
::1 - - [21/May/2023:17:23:12 +0200] "GET /phpmyadmin/navigation.php?ajax_request=1&aPath=cm9vdA%3D%3D.bXlkYg%3D%3D&vPath=cm9vdA%3D%3D.bXlkYg%3D%3D&pos=0&pos2_name=&pos2_value=&searchClause=&searchClause2=&_nocache=1684682592886369850&token=53755b2a36304c3a28403d323f6c444f HTTP/1.1" 200 1885
::1 - - [21/May/2023:17:23:13 +0200] "GET /phpmyadmin/navigation.php?ajax_request=1&aPath=cm9vdA%3D%3D.bXlkYg%3D%3D.dGFibGVz&vPath=cm9vdA%3D%3D.bXlkYg%3D%3D.VGFibGVz&pos=0&pos2_name=tables&pos2_value=0&searchClause=&searchClause2=&_nocache=168468259311711785&token=53755b2a36304c3a28403d323f6c444f HTTP/1.1" 200 2057
::1 - - [21/May/2023:17:23:36 +0200] "POST /phpmyadmin/lint.php HTTP/1.1" 200 28
::1 - - [21/May/2023:17:23:38 +0200] "POST /phpmyadmin/lint.php HTTP/1.1" 200 28
::1 - - [21/May/2023:17:23:42 +0200] "POST /phpmyadmin/import.php HTTP/1.1" 200 1899
::1 - - [21/May/2023:17:23:45 +0200] "GET /phpmyadmin/sql.php?server=1&db=mydb&table=prisotnost&pos=0&ajax_request=true&ajax_page_request=true&_nocache=1684682625737483215&token=53755b2a36304c3a28403d323f6c444f HTTP/1.1" 200 39307
::1 - - [21/May/2023:17:23:46 +0200] "GET /phpmyadmin/index.php?ajax_request=1&recent_table=1&no_debug=true&_nocache=1684682626311213790&token=53755b2a36304c3a28403d323f6c444f HTTP/1.1" 200 1519
::1 - - [21/May/2023:17:23:50 +0200] "GET /phpmyadmin/sql.php?server=1&db=mydb&table=program&pos=0&ajax_request=true&ajax_page_request=true&_nocache=168468263050275823&token=53755b2a36304c3a28403d323f6c444f HTTP/1.1" 200 7663
::1 - - [21/May/2023:17:23:50 +0200] "GET /phpmyadmin/index.php?ajax_request=1&recent_table=1&no_debug=true&_nocache=168468263081491881&token=53755b2a36304c3a28403d323f6c444f HTTP/1.1" 200 1528
::1 - - [21/May/2023:17:23:53 +0200] "GET /phpmyadmin/sql.php?server=1&db=mydb&table=sola&pos=0&ajax_request=true&ajax_page_request=true&_nocache=1684682633229445078&token=53755b2a36304c3a28403d323f6c444f HTTP/1.1" 200 7326
::1 - - [21/May/2023:17:23:53 +0200] "GET /phpmyadmin/index.php?ajax_request=1&recent_table=1&no_debug=true&_nocache=1684682633448983436&token=53755b2a36304c3a28403d323f6c444f HTTP/1.1" 200 1539
::1 - - [21/May/2023:17:23:56 +0200] "GET /phpmyadmin/sql.php?server=1&db=mydb&table=sola_has_oseba&pos=0&ajax_request=true&ajax_page_request=true&_nocache=1684682636532511310&token=53755b2a36304c3a28403d323f6c444f HTTP/1.1" 200 9700
::1 - - [21/May/2023:17:23:56 +0200] "GET /phpmyadmin/index.php?ajax_request=1&recent_table=1&no_debug=true&_nocache=1684682636741422362&token=53755b2a36304c3a28403d323f6c444f HTTP/1.1" 200 1549
::1 - - [21/May/2023:17:24:04 +0200] "POST /phpmyadmin/sql.php HTTP/1.1" 200 15182
::1 - - [21/May/2023:17:24:04 +0200] "GET /phpmyadmin/index.php?ajax_request=1&recent_table=1&no_debug=true&_nocache=1684682644621254994&token=53755b2a36304c3a28403d323f6c444f HTTP/1.1" 200 1549
::1 - - [21/May/2023:17:24:17 +0200] "GET /phpmyadmin/db_structure.php?server=1&db=mydb&ajax_request=true&ajax_page_request=true&_nocache=168468265741127532&token=53755b2a36304c3a28403d323f6c444f HTTP/1.1" 200 6265
::1 - - [21/May/2023:17:24:19 +0200] "GET /phpmyadmin/db_export.php?db=mydb&ajax_request=true&ajax_page_request=true&_nocache=1684682659348620285&token=53755b2a36304c3a28403d323f6c444f HTTP/1.1" 200 12885
::1 - - [21/May/2023:17:24:20 +0200] "GET /phpmyadmin/js/export.js?v=5.0.1 HTTP/1.1" 200 36105
::1 - - [21/May/2023:17:24:22 +0200] "POST /phpmyadmin/export.php HTTP/1.1" 200 353163
::1 - - [21/May/2023:17:24:30 +0200] "GET / HTTP/1.1" 200 203
::1 - - [21/May/2023:17:24:33 +0200] "GET /igniter/ HTTP/1.1" 200 60149
::1 - - [21/May/2023:17:24:34 +0200] "GET /assets/js/myscripts.js HTTP/1.1" 404 196
::1 - - [21/May/2023:17:24:39 +0200] "GET /igniter/index.php/prijava/profil HTTP/1.1" 200 10558
::1 - - [21/May/2023:17:24:39 +0200] "GET /assets/js/myscripts.js HTTP/1.1" 404 196
::1 - - [21/May/2023:17:24:45 +0200] "POST /igniter/index.php/prijava/spremeniGesloUporabnik HTTP/1.1" 303 -
::1 - - [21/May/2023:17:24:45 +0200] "GET /igniter/index.php/prijava/profil HTTP/1.1" 200 10668
::1 - - [21/May/2023:17:24:45 +0200] "GET /assets/js/myscripts.js HTTP/1.1" 404 196
::1 - - [21/May/2023:17:24:53 +0200] "GET /phpmyadmin/ HTTP/1.1" 200 13587
::1 - - [21/May/2023:17:24:53 +0200] "GET /phpmyadmin/themes/pmahomme/css/theme.css?v=5.0.1&nocache=2129531140ltr&server=1 HTTP/1.1" 200 100397
::1 - - [21/May/2023:17:24:53 +0200] "POST /phpmyadmin/ajax.php HTTP/1.1" 200 1423
::1 - - [21/May/2023:17:24:53 +0200] "POST /phpmyadmin/navigation.php?ajax_request=1 HTTP/1.1" 200 2299
::1 - - [21/May/2023:17:24:53 +0200] "POST /phpmyadmin/ajax.php HTTP/1.1" 200 1520
::1 - - [21/May/2023:17:24:53 +0200] "POST /phpmyadmin/ajax.php HTTP/1.1" 200 1414
::1 - - [21/May/2023:17:24:53 +0200] "POST /phpmyadmin/version_check.php HTTP/1.1" 200 28
::1 - - [21/May/2023:17:25:22 +0200] "GET /phpmyadmin/db_structure.php?server=1&db=mydb&ajax_request=true&ajax_page_request=true&_nocache=1684682722380707293&token=53755b2a36304c3a28403d323f6c444f HTTP/1.1" 200 6265
::1 - - [21/May/2023:17:25:22 +0200] "GET /phpmyadmin/navigation.php?ajax_request=1&aPath=cm9vdA%3D%3D.bXlkYg%3D%3D&vPath=cm9vdA%3D%3D.bXlkYg%3D%3D&pos=0&pos2_name=&pos2_value=&searchClause=&searchClause2=&_nocache=168468272254142954&token=53755b2a36304c3a28403d323f6c444f HTTP/1.1" 200 1885
::1 - - [21/May/2023:17:25:22 +0200] "GET /phpmyadmin/navigation.php?ajax_request=1&aPath=cm9vdA%3D%3D.bXlkYg%3D%3D.dGFibGVz&vPath=cm9vdA%3D%3D.bXlkYg%3D%3D.VGFibGVz&pos=0&pos2_name=tables&pos2_value=0&searchClause=&searchClause2=&_nocache=1684682722681418554&token=53755b2a36304c3a28403d323f6c444f HTTP/1.1" 200 2057
::1 - - [21/May/2023:17:25:24 +0200] "GET /phpmyadmin/sql.php?server=1&db=mydb&table=oseba&pos=0&ajax_request=true&ajax_page_request=true&_nocache=1684682724621726849&token=53755b2a36304c3a28403d323f6c444f HTTP/1.1" 200 12162
::1 - - [21/May/2023:17:25:24 +0200] "GET /phpmyadmin/index.php?ajax_request=1&recent_table=1&no_debug=true&_nocache=1684682724869366013&token=53755b2a36304c3a28403d323f6c444f HTTP/1.1" 200 1549
::1 - - [21/May/2023:17:25:47 +0200] "GET /phpmyadmin/tbl_sql.php?db=mydb&table=oseba&ajax_request=true&ajax_page_request=true&_nocache=168468274711094373&token=53755b2a36304c3a28403d323f6c444f HTTP/1.1" 200 4580
::1 - - [21/May/2023:17:25:47 +0200] "GET /phpmyadmin/index.php?ajax_request=1&recent_table=1&no_debug=true&_nocache=1684682747292682860&token=53755b2a36304c3a28403d323f6c444f HTTP/1.1" 200 1549
::1 - - [21/May/2023:17:25:47 +0200] "POST /phpmyadmin/lint.php HTTP/1.1" 200 28
::1 - - [21/May/2023:17:25:50 +0200] "POST /phpmyadmin/db_sql_autocomplete.php HTTP/1.1" 200 2282
::1 - - [21/May/2023:17:25:50 +0200] "POST /phpmyadmin/lint.php HTTP/1.1" 200 28
::1 - - [21/May/2023:17:25:53 +0200] "POST /phpmyadmin/lint.php HTTP/1.1" 200 28
::1 - - [21/May/2023:17:25:53 +0200] "POST /phpmyadmin/lint.php HTTP/1.1" 200 141
::1 - - [21/May/2023:17:25:54 +0200] "POST /phpmyadmin/lint.php HTTP/1.1" 200 141
::1 - - [21/May/2023:17:25:56 +0200] "POST /phpmyadmin/lint.php HTTP/1.1" 200 141
::1 - - [21/May/2023:17:25:57 +0200] "POST /phpmyadmin/lint.php HTTP/1.1" 200 28
::1 - - [21/May/2023:17:26:01 +0200] "POST /phpmyadmin/lint.php HTTP/1.1" 200 141
::1 - - [21/May/2023:17:26:05 +0200] "POST /phpmyadmin/lint.php HTTP/1.1" 200 141
::1 - - [21/May/2023:17:26:07 +0200] "POST /phpmyadmin/lint.php HTTP/1.1" 200 141
::1 - - [21/May/2023:17:26:08 +0200] "POST /phpmyadmin/lint.php HTTP/1.1" 200 28
::1 - - [21/May/2023:17:26:09 +0200] "POST /phpmyadmin/import.php HTTP/1.1" 200 4772
::1 - - [21/May/2023:17:26:17 +0200] "GET /igniter/index.php HTTP/1.1" 200 60149
::1 - - [21/May/2023:17:26:17 +0200] "GET /assets/js/myscripts.js HTTP/1.1" 404 196
